==============================================================================
Tasks :: Orders robots from RobotSpareBin Industries Inc. Saves the order H...
==============================================================================
Minimal tasks                                                         {'Order number': '1', 'Head': '1', 'Body': '2', 'Legs': '3', 'Address': 'Address 123'}
{'Order number': '2', 'Head': '4', 'Body': '1', 'Legs': '5', 'Address': 'Address 456'}
{'Order number': '3', 'Head': '6', 'Body': '2', 'Legs': '3', 'Address': 'Address 789'}
{'Order number': '4', 'Head': '2', 'Body': '3', 'Legs': '2', 'Address': 'Address 1'}
{'Order number': '5', 'Head': '3', 'Body': '5', 'Legs': '1', 'Address': 'Address 2'}
{'Order number': '6', 'Head': '1', 'Body': '6', 'Legs': '6', 'Address': 'Address 3'}
{'Order number': '7', 'Head': '5', 'Body': '1', 'Legs': '5', 'Address': 'Address 4'}
{'Order number': '8', 'Head': '2', 'Body': '3', 'Legs': '3', 'Address': 'Address 5'}
{'Order number': '9', 'Head': '3', 'Body': '2', 'Legs': '2', 'Address': 'Address 6'}
{'Order number': '10', 'Head': '4', 'Body': '4', 'Legs': '2', 'Address': 'Address 7'}
{'Order number': '11', 'Head': '6', 'Body': '6', 'Legs': '1', 'Address': 'Address 8'}
{'Order number': '12', 'Head': '1', 'Body': '3', 'Legs': '3', 'Address': 'Address 9'}
{'Order number': '13', 'Head': '1', 'Body': '5', 'Legs': '4', 'Address': 'Address A'}
{'Order number': '14', 'Head': '3', 'Body': '1', 'Legs': '5', 'Address': 'Address B'}
{'Order number': '15', 'Head': '3', 'Body': '2', 'Legs': '6', 'Address': 'Address C'}
{'Order number': '16', 'Head': '6', 'Body': '3', 'Legs': '6', 'Address': 'Address D'}
{'Order number': '17', 'Head': '5', 'Body': '4', 'Legs': '1', 'Address': 'Address E'}
{'Order number': '18', 'Head': '2', 'Body': '5', 'Legs': '1', 'Address': 'Address F'}
{'Order number': '19', 'Head': '4', 'Body': '6', 'Legs': '2', 'Address': 'Address G'}
{'Order number': '20', 'Head': '1', 'Body': '1', 'Legs': '5', 'Address': 'Address H'}
| PASS |
------------------------------------------------------------------------------
Tasks :: Orders robots from RobotSpareBin Industries Inc. Saves th... | PASS |
1 task, 1 passed, 0 failed
==============================================================================
Output:  c:\Users\kgalwa\Desktop\Robot-projekty\second-certificate\output\output.xml
Log:     c:\Users\kgalwa\Desktop\Robot-projekty\second-certificate\output\log.html
